<?xml version="1.0" encoding="UTF-8"?>
<!-- Generated by org.testng.reporters.JUnitReportReporter -->
<testsuite hostname="Computer" failures="0" tests="3" name="tests.AddCustTest" time="6.126" errors="0" timestamp="2025-03-30T22:45:40 GMT+04:00" skipped="0">
  <testcase classname="tests.AddCustTest" name="testOpenAddCust" time="2.659"/>
  <testcase classname="tests.AddCustTest" name="incorrectDataAuthTest" time="1.365"/>
  <testcase classname="tests.AddCustTest" name="createCustomerWithGeneratedData" time="2.102"/>
</testsuite> <!-- tests.AddCustTest -->
