<?xml version="1.0" encoding="UTF-8"?>
<!-- Generated by org.testng.reporters.JUnitReportReporter -->
<testsuite hostname="Computer" failures="0" tests="2" name="tests.DeleteCustTest" time="8.867" errors="0" timestamp="2025-03-30T22:45:40 GMT+04:00" skipped="0">
  <testcase classname="tests.DeleteCustTest" name="testOpenCust" time="7.544"/>
  <testcase classname="tests.DeleteCustTest" name="deleteCustomerByAverageNameLength" time="1.323"/>
</testsuite> <!-- tests.DeleteCustTest -->
