<?xml version="1.0" encoding="UTF-8"?>
<!-- Generated by org.testng.reporters.JUnitReportReporter -->
<testsuite hostname="Computer" failures="0" tests="2" name="tests.SortCustTest" time="8.649" errors="0" timestamp="2025-03-30T22:45:40 GMT+04:00" skipped="0">
  <testcase classname="tests.SortCustTest" name="testOpenCust" time="7.853"/>
  <testcase classname="tests.SortCustTest" name="testSortCustomersByFirstName" time="0.796"/>
</testsuite> <!-- tests.SortCustTest -->
